
--- Job ARO_EU_Core_GenEx.gms Start 02/21/23 14:46:03 41.4.0 caab8bc0 WEX-WEI x86 64bit/MS Windows
--- Applying:
    C:\GAMS\41\gmsprmNT.txt
--- GAMS Parameters defined
    Input "Z:\MitarbeiterOrdner\Bernecker\GitHub Desktop Project Foulder\Project_ARO_EU\ARO_EU_Generation_expansion\ARO_EU_Core_GenEx.gms"
    PageSize 0
    ScrDir "Z:\MitarbeiterOrdner\Bernecker\GitHub Desktop Project Foulder\Project_ARO_EU\ARO_EU_Generation_expansion\225a\"
    SysDir C:\GAMS\41\
    LogOption 3
    ErrMsg 1
    ErrorLog 99
    IDE 1
    LstTitleLeftAligned 1
Licensee: Small MUD - 5 User License                     S221110|0002AN-WIN
          BTU Cottbus-Senftenberg, FG Energiewirtschaft              DC5591
          C:\Users\Max Bernecker\Documents\GAMS\gamslice.txt
          License Admin: Felix Muesgens, Fg-energiewirtschaft@b-tu.de      
Processor information: 1 socket(s), 8 core(s), and 16 thread(s) available
GAMS 41.4.0   Copyright (C) 1987-2022 GAMS Development. All rights reserved
--- Starting compilation
--- ARO_EU_Core_GenEx.gms(92) 3 Mb
--- . Loading_ARO_GenEx.gms(151) 3 Mb
--- $echo File Z:\MitarbeiterOrdner\Bernecker\GitHub Desktop Project Foulder\Project_ARO_EU\ARO_EU_Generation_expansion\TEP.txt
--- . Loading_ARO_GenEx.gms(186) 3 Mb
--- call gdxxrw Data_Input.xlsx @TEP.txt

GDXXRW           41.4.0 caab8bc0 Dec 14, 2022          WEI x86 64bit/MS Window
Input file : Z:\MitarbeiterOrdner\Bernecker\GitHub Desktop Project Foulder\Project_ARO_EU\ARO_EU_Generation_expansion\Data_Input.xlsx
Output file: Z:\MitarbeiterOrdner\Bernecker\GitHub Desktop Project Foulder\Project_ARO_EU\ARO_EU_Generation_expansion\Data_Input.gdx
Value expected in cell: Demand!P7436; found #Error
Value expected in cell: Demand!Q7436; found #Error
Value expected in cell: Demand!R7436; found #Error
Value expected in cell: Demand!S7436; found #Error
Value expected in cell: Demand!P7451; found #Error

Total number of bad values for symbol load = 8
Value expected in cell: Grid_Tech!B2; found AC
Value expected in cell: Grid_Tech!E2; found AT0
Value expected in cell: Grid_Tech!F2; found CH0
Value expected in cell: Grid_Tech!I2; found Al/St 240/40 4-bundle 380.0
Value expected in cell: Grid_Tech!B3; found AC
Additional errors suppressed
Total number of bad values for symbol Grid_tech = 730
Value expected in cell: Conventional!C2; found CCGT
Value expected in cell: Conventional!C3; found coal
Value expected in cell: Conventional!C4; found CCGT
Value expected in cell: Conventional!C5; found OCGT
Value expected in cell: Conventional!C6; found biomass
Additional errors suppressed
Total number of bad values for symbol Gen_conv = 172
Value expected in cell: Renewable!C2; found onwind
Value expected in cell: Renewable!C3; found solar
Value expected in cell: Renewable!C4; found offwind
Value expected in cell: Renewable!C5; found onwind
Value expected in cell: Renewable!C6; found solar
Additional errors suppressed
Total number of bad values for symbol Gen_ren = 126
Value expected in cell: Storage!B2; found AT0
Value expected in cell: Storage!B3; found BE0
Value expected in cell: Storage!B4; found CH0
Value expected in cell: Storage!B5; found CZ0
Value expected in cell: Storage!B6; found DE0
Additional errors suppressed
Total number of bad values for symbol battery_up = 50
Value expected in cell: Hydro!C2; found ror
Value expected in cell: Hydro!C3; found PSP
Value expected in cell: Hydro!C4; found reservoire
Value expected in cell: Hydro!C5; found ror
Value expected in cell: Hydro!C6; found PSP
Additional errors suppressed
Total number of bad values for symbol Gen_Hydro = 97
Total time = 9406 Ms
--- . Loading_ARO_GenEx.gms(187) 3 Mb
--- GDXin=Z:\MitarbeiterOrdner\Bernecker\GitHub Desktop Project Foulder\Project_ARO_EU\ARO_EU_Generation_expansion\Data_Input.gdx
--- GDX File ($gdxIn) Z:\MitarbeiterOrdner\Bernecker\GitHub Desktop Project Foulder\Project_ARO_EU\ARO_EU_Generation_expansion\Data_Input.gdx
--- . Loading_ARO_GenEx.gms(351) 11 Mb
--- ARO_EU_Core_GenEx.gms(901) 11 Mb
--- Starting execution: elapsed 0:00:09.742
--- ARO_EU_Core_GenEx.gms(1072) 138 Mb
--- Generating MIP model Master_VO
--- ARO_EU_Core_GenEx.gms(1092) 138 Mb
--- LOOPS v = v1
---   5 rows  400 columns  2,000 non-zeroes
--- Range statistics (absolute non-zero finite values)
--- RHS       [min, max] : [        NA,        NA] - Zero values observed as well
--- Bound     [min, max] : [ 5.000E+04, 5.000E+04] - Zero values observed as well
--- Matrix    [min, max] : [ 1.000E+00, 3.232E+04]
--- Executing CPLEX (Solvelink=2): elapsed 0:00:10.190

IBM ILOG CPLEX   41.4.0 caab8bc0 Dec 14, 2022          WEI x86 64bit/MS Window

--- GAMS/Cplex Link licensed for continuous and discrete problems.
--- GMO setup time: 0.00s
--- GMO memory 0.55 Mb (peak 0.55 Mb)
--- Dictionary memory 0.00 Mb
--- Cplex 22.1.0.0 link memory 0.01 Mb (peak 0.05 Mb)
--- Starting Cplex

Version identifier: 22.1.0.0 | 2022-03-09 | 1a383f8ce
CPXPARAM_Advance                                 0
CPXPARAM_Simplex_Display                         2
CPXPARAM_Threads                                 50
CPXPARAM_Parallel                                1
CPXPARAM_MIP_Display                             4
CPXPARAM_MIP_Pool_Capacity                       0
CPXPARAM_MIP_Tolerances_AbsMIPGap                0
CPXPARAM_MIP_Tolerances_MIPGap                   0
Tried aggregator 1 time.
LP Presolve eliminated 5 rows and 401 columns.
All rows and columns eliminated.
Presolve time = 0.01 sec. (0.21 ticks)

--- LP status (1): optimal.
--- Cplex Time: 0.01sec (det. 0.28 ticks)


Optimal solution found
Objective:            0.000000

--- Reading solution for model Master_VO
--- Executing after solve: elapsed 0:00:10.359
--- ARO_EU_Core_GenEx.gms(1072) 138 Mb
--- Generating MIP model Subproblem
--- ARO_EU_Core_GenEx.gms(756) 261 Mb  18 secs
--- ARO_EU_Core_GenEx.gms(849) 695 Mb  4 secs
--- ARO_EU_Core_GenEx.gms(1151) 1664 Mb  19 secs
--- LOOPS v = v1
---   5,168,051 rows  4,972,577 columns  15,211,677 non-zeroes
---   576 discrete-columns
--- Range statistics (absolute non-zero finite values)
--- RHS       [min, max] : [ 1.000E-03, 1.000E+05] - Zero values observed as well
--- Bound     [min, max] : [ 1.000E+00, 1.000E+00] - Zero values observed as well
--- Matrix    [min, max] : [ 1.266E-04, 1.000E+05]
--- Executing CPLEX (Solvelink=2): elapsed 0:01:00.766

IBM ILOG CPLEX   41.4.0 caab8bc0 Dec 14, 2022          WEI x86 64bit/MS Window

--- GAMS/Cplex Link licensed for continuous and discrete problems.
--- GMO setup time: 0.00s
--- Space for names approximately 334.69 Mb
--- Use option 'names no' to turn use of names off
--- GMO memory 1856.26 Mb (peak 1894.20 Mb)
--- Dictionary memory 0.00 Mb
--- Cplex 22.1.0.0 link memory 153.99 Mb (peak 750.38 Mb)
--- Starting Cplex

Version identifier: 22.1.0.0 | 2022-03-09 | 1a383f8ce
CPXPARAM_Advance                                 0
CPXPARAM_Threads                                 50
CPXPARAM_Parallel                                1
CPXPARAM_MIP_Display                             4
CPXPARAM_MIP_Pool_Capacity                       0
CPXPARAM_MIP_Tolerances_AbsMIPGap                0
CPXPARAM_MIP_Tolerances_MIPGap                   0
Generic callback                                 0x50
Found incumbent of value 0.000000 after 0.20 sec. (198.10 ticks)
Presolve time = 0.03 sec. (14.23 ticks)
Warning: MIP starts not constructed because of out-of-memory status.

Root node processing (before b&c):
  Real time             =    0.25 sec. (256.38 ticks)
Parallel b&c, 50 threads:
  Real time             =    0.00 sec. (0.00 ticks)
  Sync time (average)   =    0.00 sec.
  Wait time (average)   =    0.00 sec.
                          ------------
Total (root+branch&cut) =    0.25 sec. (256.38 ticks)
CPLEX Error  1001: Out of memory.

--- MIP status (127): integer feasible solution.
--- Cplex Time: 0.26sec (det. 270.61 ticks)

CPLEX Error  1001: Out of memory.
*** SOLVER ERROR: Failed calling CPLEX (optimize): 1001
*** Contact support@gams.com for help.
--- Reading solution for model Subproblem
--- ARO_EU_Core_GenEx.gms(1151) 1664 Mb  28 secs
--- Executing after solve: elapsed 0:01:09.079
--- ARO_EU_Core_GenEx.gms(1072) 1664 Mb
--- GDX File (execute_unload) Z:\MitarbeiterOrdner\Bernecker\GitHub Desktop Project Foulder\Project_ARO_EU\ARO_EU_Generation_expansion\check_Loop_Run_2.gdx
--- ARO_EU_Core_GenEx.gms(1238) 1664 Mb
--- GDX File (execute_unload) Z:\MitarbeiterOrdner\Bernecker\GitHub Desktop Project Foulder\Project_ARO_EU\ARO_EU_Generation_expansion\Results_ARO_EU.gdx
--- ARO_EU_Core_GenEx.gms(1244) 1664 Mb
--- ARO_EU_Core_GenEx.gms(1246) 1664 Mb
GDX2XLS          41.4.0 caab8bc0 Dec 14, 2022          WEI x86 64bit/MS Window
gdx2xls error: Input file not found: Z:\MitarbeiterOrdner\Bernecker\GitHub Desktop Project Foulder\Project_ARO_EU\ARO_EU_Generation_expansion\Results_Clustered_ARO.gdx
--- Profile Summary (44 records processed)
    59.718   1.664GB      1072 Loop       
    20.203   1.664GB      1151 Solve Fini Subproblem (15211677)
    18.578   0.292GB       756 Equation   SUB_Dual_Objective (1)
     7.625   1.664GB      1151 Solve Alg  Subproblem
     4.750   0.695GB       849 Equation   SUB_Lin_Dual (24000)
     0.766   1.198GB       909 Equation   SUB_lin40 (504000)
     0.750   1.411GB       916 Equation   SUB_lin42 (504000)
     0.750   1.622GB       920 Equation   SUB_lin44 (504000)
     0.703   1.470GB       918 Equation   SUB_lin43 (504000)
     0.687   1.664GB      1151 Solve Read Subproblem
*** Status: Normal completion
--- Job ARO_EU_Core_GenEx.gms Stop 02/21/23 14:47:13 elapsed 0:01:09.852
