--- Job Toy_ARO.gms Start 06/30/22 13:27:14 38.2.1 96226ea8 WEX-WEI x86 64bit/MS Windows
--- Applying:
    C:\GAMS\38\gmsprmNT.txt
--- GAMS Parameters defined
    Input "Z:\MitarbeiterOrdner\Bernecker\GitHub Desktop Project Foulder\Quant-Reliability-Energy-Systems\NTC_node_model\Toy_ARO.gms"
    PageSize 0
    ScrDir "Z:\MitarbeiterOrdner\Bernecker\GitHub Desktop Project Foulder\Quant-Reliability-Energy-Systems\NTC_node_model\225a\"
    SysDir C:\GAMS\38\
    LogOption 3
    ErrMsg 1
    ErrorLog 99
    IDE 1
    LstTitleLeftAligned 1
Licensee: Small MUD - 5 User License                     S211124|0002AN-WIN
          BTU Cottbus-Senftenberg, FG Energiewirtschaft              DC5591
          C:\Users\Max Bernecker\Documents\GAMS\gamslice.txt
          License Admin: Felix Muesgens, Fg-energiewirtschaft@b-tu.de      
Processor information: 1 socket(s), 8 core(s), and 16 thread(s) available
GAMS 38.2.1   Copyright (C) 1987-2022 GAMS Development. All rights reserved
--- Starting compilation
--- Toy_ARO.gms(82) 3 Mb
--- . Loading_input_data.gms(113) 3 Mb
--- $echo File Z:\MitarbeiterOrdner\Bernecker\GitHub Desktop Project Foulder\Quant-Reliability-Energy-Systems\NTC_node_model\Genup.txt
--- . Loading_input_data.gms(134) 3 Mb
--- call gdxxrw I=Data_input\Data_ARO.xlsx O=Data_input\Data_ARO.gdx @Genup.txt

GDXXRW           38.2.1 96226ea8 Feb 19, 2022          VS8 x86 32bit/MS Window
Input file : Z:\MitarbeiterOrdner\Bernecker\GitHub Desktop Project Foulder\Quant-Reliability-Energy-Systems\NTC_node_model\Data_input\Data_ARO.xlsx
Output file: Z:\MitarbeiterOrdner\Bernecker\GitHub Desktop Project Foulder\Quant-Reliability-Energy-Systems\NTC_node_model\Data_input\Data_ARO.gdx
Value expected in cell: Gen_conv!L2; found gas
Value expected in cell: Gen_conv!L3; found coal
Value expected in cell: Gen_conv!L4; found lig
Value expected in cell: Gen_conv!L5; found nuc
Value expected in cell: Gen_conv!L6; found waste
Additional errors suppressed
Total number of bad values for symbol Gen_conv = 119
Value expected in cell: Gen_hydro!B2; found AT
Value expected in cell: Gen_hydro!H2; found psp
Value expected in cell: Gen_hydro!B3; found AT
Value expected in cell: Gen_hydro!H3; found reservoir
Value expected in cell: Gen_hydro!B4; found AT
Additional errors suppressed
Total number of bad values for symbol Gen_Hydro = 103
Total time = 3922 Ms
--- . Loading_input_data.gms(135) 3 Mb
--- GDXin=Z:\MitarbeiterOrdner\Bernecker\GitHub Desktop Project Foulder\Quant-Reliability-Energy-Systems\NTC_node_model\Data_input\Data_ARO.gdx
--- GDX File ($gdxIn) Z:\MitarbeiterOrdner\Bernecker\GitHub Desktop Project Foulder\Quant-Reliability-Energy-Systems\NTC_node_model\Data_input\Data_ARO.gdx
--- . Loading_input_data.gms(143) 11 Mb
--- $echo File Z:\MitarbeiterOrdner\Bernecker\GitHub Desktop Project Foulder\Quant-Reliability-Energy-Systems\NTC_node_model\availup.txt
--- . Loading_input_data.gms(151) 11 Mb
--- call gdxxrw I=Data_input\Weather_cap_factors.xlsx O=Data_input\Weather_cap_factors.gdx @availup.txt

GDXXRW           38.2.1 96226ea8 Feb 19, 2022          VS8 x86 32bit/MS Window
Input file : Z:\MitarbeiterOrdner\Bernecker\GitHub Desktop Project Foulder\Quant-Reliability-Energy-Systems\NTC_node_model\Data_input\Weather_cap_factors.xlsx
Output file: Z:\MitarbeiterOrdner\Bernecker\GitHub Desktop Project Foulder\Quant-Reliability-Energy-Systems\NTC_node_model\Data_input\Weather_cap_factors.gdx
Total time = 16672 Ms
--- . Loading_input_data.gms(152) 11 Mb
--- GDXin=Z:\MitarbeiterOrdner\Bernecker\GitHub Desktop Project Foulder\Quant-Reliability-Energy-Systems\NTC_node_model\Data_input\Weather_cap_factors.gdx
--- GDX File ($gdxIn) Z:\MitarbeiterOrdner\Bernecker\GitHub Desktop Project Foulder\Quant-Reliability-Energy-Systems\NTC_node_model\Data_input\Weather_cap_factors.gdx
--- . Loading_input_data.gms(159) 59 Mb
--- $echo File Z:\MitarbeiterOrdner\Bernecker\GitHub Desktop Project Foulder\Quant-Reliability-Energy-Systems\NTC_node_model\load.txt
--- . Loading_input_data.gms(167) 59 Mb
--- call gdxxrw I=Data_input\Load_combined.xlsx O=Data_input\Load_combined.gdx @load.txt

GDXXRW           38.2.1 96226ea8 Feb 19, 2022          VS8 x86 32bit/MS Window
Input file : Z:\MitarbeiterOrdner\Bernecker\GitHub Desktop Project Foulder\Quant-Reliability-Energy-Systems\NTC_node_model\Data_input\Load_combined.xlsx
Output file: Z:\MitarbeiterOrdner\Bernecker\GitHub Desktop Project Foulder\Quant-Reliability-Energy-Systems\NTC_node_model\Data_input\Load_combined.gdx
Total time = 2734 Ms
--- . Loading_input_data.gms(168) 59 Mb
--- GDXin=Z:\MitarbeiterOrdner\Bernecker\GitHub Desktop Project Foulder\Quant-Reliability-Energy-Systems\NTC_node_model\Data_input\Load_combined.gdx
--- GDX File ($gdxIn) Z:\MitarbeiterOrdner\Bernecker\GitHub Desktop Project Foulder\Quant-Reliability-Energy-Systems\NTC_node_model\Data_input\Load_combined.gdx
--- . Loading_input_data.gms(432) 79 Mb
--- Toy_ARO.gms(85) 79 Mb
--- Starting execution: elapsed 0:00:24.444
--- Toy_ARO.gms(516) 81 Mb
--- GDX File (execute_unload) Z:\MitarbeiterOrdner\Bernecker\GitHub Desktop Project Foulder\Quant-Reliability-Energy-Systems\NTC_node_model\check_ARO_Toy.gdx
*** Status: Normal completion
--- Job Toy_ARO.gms Stop 06/30/22 13:27:39 elapsed 0:00:25.311
