
--- Job TEP.gms Start 11/23/21 17:46:06 35.1.0 r82a9585 WEX-WEI x86 64bit/MS Windows
--- Applying:
    C:\GAMS\35\gmsprmNT.txt
--- GAMS Parameters defined
    Input "\\SERVER-LSEW\serverdaten\MitarbeiterOrdner\Bernecker\GitHub Desktop Project Foulder\SARO-Dunkelflaute\Model\TEP.gms"
    PageWidth 80
    PageSize 0
    PageContr 3
    Action CE
    ScrDir "Y:\MitarbeiterOrdner\Bernecker\GitHub Desktop Project Foulder\Quant-Reliability-Energy-Systems\Model & Data\225a\"
    SysDir C:\GAMS\35\
    WorkDir "\\SERVER-LSEW\serverdaten\MitarbeiterOrdner\Bernecker\GitHub Desktop Project Foulder\Quant-Reliability-Energy-Systems\Model & Data\"
    LogOption 3
    DFormat 0
    TFormat 0
    ErrorLog 99
    IDE 1
Licensee: Small MUD - 5 User License                     S201118/0001AN-WIN
          BTU Cottbus-Senftenberg, FG Energiewirtschaft              DC5591
          C:\Users\Max Bernecker\Documents\GAMS\gamslice.txt
GAMS 35.1.0   Copyright (C) 1987-2021 GAMS Development. All rights reserved
--- Starting compilation
--- TEP.gms(238) 3 Mb
--- $echo File \\SERVER-LSEW\serverdaten\MitarbeiterOrdner\Bernecker\GitHub Desktop Project Foulder\Quant-Reliability-Energy-Systems\Model & Data\TEP.txt
--- TEP.gms(268) 3 Mb
--- call gdxxrw Data.xlsx @TEP.txt

GDXXRW           35.1.0 r82a9585 Released Apr 29, 2021 WEI x86 64bit/MS Window
**** Input file not found = Y:\MitarbeiterOrdner\Bernecker\GitHub Desktop Project Foulder\Quant-Reliability-Energy-Systems\Model & Data\Data.xlsx
Total time = 282 Ms
--- TEP.gms(269) 3 Mb
*** GDXIN failed \\SERVER-LSEW\serverdaten\MitarbeiterOrdner\Bernecker\GitHub Desktop Project Foulder\Quant-Reliability-Energy-Systems\Model & Data\Data.gdx
*** Msg: No such file or directory
--- TEP.gms(269) 3 Mb 1 Error
*** Error 510 in \\SERVER-LSEW\serverdaten\MitarbeiterOrdner\Bernecker\GitHub Desktop Project Foulder\SARO-Dunkelflaute\Model\TEP.gms
    Unable to open gdx file for $GDXIN
--- TEP.gms(270) 3 Mb 2 Errors
*** Error 502 in \\SERVER-LSEW\serverdaten\MitarbeiterOrdner\Bernecker\GitHub Desktop Project Foulder\SARO-Dunkelflaute\Model\TEP.gms
    GDXIN  file not open - ignore rest of line
--- TEP.gms(271) 3 Mb 3 Errors
*** Error 502 in \\SERVER-LSEW\serverdaten\MitarbeiterOrdner\Bernecker\GitHub Desktop Project Foulder\SARO-Dunkelflaute\Model\TEP.gms
    GDXIN  file not open - ignore rest of line
--- TEP.gms(272) 3 Mb 4 Errors
*** Error 502 in \\SERVER-LSEW\serverdaten\MitarbeiterOrdner\Bernecker\GitHub Desktop Project Foulder\SARO-Dunkelflaute\Model\TEP.gms
    GDXIN  file not open - ignore rest of line
--- TEP.gms(273) 3 Mb 5 Errors
*** Error 502 in \\SERVER-LSEW\serverdaten\MitarbeiterOrdner\Bernecker\GitHub Desktop Project Foulder\SARO-Dunkelflaute\Model\TEP.gms
    GDXIN  file not open - ignore rest of line
--- TEP.gms(274) 3 Mb 6 Errors
*** Error 502 in \\SERVER-LSEW\serverdaten\MitarbeiterOrdner\Bernecker\GitHub Desktop Project Foulder\SARO-Dunkelflaute\Model\TEP.gms
    GDXIN  file not open - ignore rest of line
--- TEP.gms(275) 3 Mb 7 Errors
*** Error 502 in \\SERVER-LSEW\serverdaten\MitarbeiterOrdner\Bernecker\GitHub Desktop Project Foulder\SARO-Dunkelflaute\Model\TEP.gms
    GDXIN  file not open - ignore rest of line
--- TEP.gms(276) 3 Mb 8 Errors
*** Error 502 in \\SERVER-LSEW\serverdaten\MitarbeiterOrdner\Bernecker\GitHub Desktop Project Foulder\SARO-Dunkelflaute\Model\TEP.gms
    GDXIN  file not open - ignore rest of line
--- TEP.gms(282) 3 Mb 9 Errors
*** Error 141 in \\SERVER-LSEW\serverdaten\MitarbeiterOrdner\Bernecker\GitHub Desktop Project Foulder\SARO-Dunkelflaute\Model\TEP.gms
    Symbol declared but no values have been assigned. Check for missing
       data definition, assignment, data loading or implicit assignment
       via a solve statement.
       A wild shot: You may have spurious commas in the explanatory
       text of a declaration. Check symbol reference list.
--- TEP.gms(284) 3 Mb 10 Errors
*** Error 141 in \\SERVER-LSEW\serverdaten\MitarbeiterOrdner\Bernecker\GitHub Desktop Project Foulder\SARO-Dunkelflaute\Model\TEP.gms
    Symbol declared but no values have been assigned. Check for missing
       data definition, assignment, data loading or implicit assignment
       via a solve statement.
       A wild shot: You may have spurious commas in the explanatory
       text of a declaration. Check symbol reference list.
--- TEP.gms(291) 3 Mb 11 Errors
*** Error 140 in \\SERVER-LSEW\serverdaten\MitarbeiterOrdner\Bernecker\GitHub Desktop Project Foulder\SARO-Dunkelflaute\Model\TEP.gms
    Unknown symbol
--- TEP.gms(295) 3 Mb 13 Errors
*** Error 141 in \\SERVER-LSEW\serverdaten\MitarbeiterOrdner\Bernecker\GitHub Desktop Project Foulder\SARO-Dunkelflaute\Model\TEP.gms
    Symbol declared but no values have been assigned. Check for missing
       data definition, assignment, data loading or implicit assignment
       via a solve statement.
       A wild shot: You may have spurious commas in the explanatory
       text of a declaration. Check symbol reference list.
*** Error 116 in \\SERVER-LSEW\serverdaten\MitarbeiterOrdner\Bernecker\GitHub Desktop Project Foulder\SARO-Dunkelflaute\Model\TEP.gms
    Label is unknown
--- TEP.gms(310) 3 Mb 14 Errors
*** Error 141 in \\SERVER-LSEW\serverdaten\MitarbeiterOrdner\Bernecker\GitHub Desktop Project Foulder\SARO-Dunkelflaute\Model\TEP.gms
    Symbol declared but no values have been assigned. Check for missing
       data definition, assignment, data loading or implicit assignment
       via a solve statement.
       A wild shot: You may have spurious commas in the explanatory
       text of a declaration. Check symbol reference list.
--- TEP.gms(319) 3 Mb 15 Errors
*** Error 141 in \\SERVER-LSEW\serverdaten\MitarbeiterOrdner\Bernecker\GitHub Desktop Project Foulder\SARO-Dunkelflaute\Model\TEP.gms
    Symbol declared but no values have been assigned. Check for missing
       data definition, assignment, data loading or implicit assignment
       via a solve statement.
       A wild shot: You may have spurious commas in the explanatory
       text of a declaration. Check symbol reference list.
--- TEP.gms(330) 3 Mb 17 Errors
*** Error 141 in \\SERVER-LSEW\serverdaten\MitarbeiterOrdner\Bernecker\GitHub Desktop Project Foulder\SARO-Dunkelflaute\Model\TEP.gms
    Symbol declared but no values have been assigned. Check for missing
       data definition, assignment, data loading or implicit assignment
       via a solve statement.
       A wild shot: You may have spurious commas in the explanatory
       text of a declaration. Check symbol reference list.
*** Error 116 in \\SERVER-LSEW\serverdaten\MitarbeiterOrdner\Bernecker\GitHub Desktop Project Foulder\SARO-Dunkelflaute\Model\TEP.gms
    Label is unknown
--- TEP.gms(332) 3 Mb 19 Errors
*** Error 141 in \\SERVER-LSEW\serverdaten\MitarbeiterOrdner\Bernecker\GitHub Desktop Project Foulder\SARO-Dunkelflaute\Model\TEP.gms
    Symbol declared but no values have been assigned. Check for missing
       data definition, assignment, data loading or implicit assignment
       via a solve statement.
       A wild shot: You may have spurious commas in the explanatory
       text of a declaration. Check symbol reference list.
*** Error 116 in \\SERVER-LSEW\serverdaten\MitarbeiterOrdner\Bernecker\GitHub Desktop Project Foulder\SARO-Dunkelflaute\Model\TEP.gms
    Label is unknown
--- TEP.gms(334) 3 Mb 20 Errors
*** Error 116 in \\SERVER-LSEW\serverdaten\MitarbeiterOrdner\Bernecker\GitHub Desktop Project Foulder\SARO-Dunkelflaute\Model\TEP.gms
    Label is unknown
--- TEP.gms(339) 3 Mb 22 Errors
*** Error 141 in \\SERVER-LSEW\serverdaten\MitarbeiterOrdner\Bernecker\GitHub Desktop Project Foulder\SARO-Dunkelflaute\Model\TEP.gms
    Symbol declared but no values have been assigned. Check for missing
       data definition, assignment, data loading or implicit assignment
       via a solve statement.
       A wild shot: You may have spurious commas in the explanatory
       text of a declaration. Check symbol reference list.
*** Error 116 in \\SERVER-LSEW\serverdaten\MitarbeiterOrdner\Bernecker\GitHub Desktop Project Foulder\SARO-Dunkelflaute\Model\TEP.gms
    Label is unknown
--- TEP.gms(341) 3 Mb 23 Errors
*** Error 116 in \\SERVER-LSEW\serverdaten\MitarbeiterOrdner\Bernecker\GitHub Desktop Project Foulder\SARO-Dunkelflaute\Model\TEP.gms
    Label is unknown
--- TEP.gms(343) 3 Mb 24 Errors
*** Error 116 in \\SERVER-LSEW\serverdaten\MitarbeiterOrdner\Bernecker\GitHub Desktop Project Foulder\SARO-Dunkelflaute\Model\TEP.gms
    Label is unknown
--- TEP.gms(345) 3 Mb 25 Errors
*** Error 116 in \\SERVER-LSEW\serverdaten\MitarbeiterOrdner\Bernecker\GitHub Desktop Project Foulder\SARO-Dunkelflaute\Model\TEP.gms
    Label is unknown
--- TEP.gms(347) 3 Mb 26 Errors
*** Error 116 in \\SERVER-LSEW\serverdaten\MitarbeiterOrdner\Bernecker\GitHub Desktop Project Foulder\SARO-Dunkelflaute\Model\TEP.gms
    Label is unknown
--- TEP.gms(349) 3 Mb 27 Errors
*** Error 116 in \\SERVER-LSEW\serverdaten\MitarbeiterOrdner\Bernecker\GitHub Desktop Project Foulder\SARO-Dunkelflaute\Model\TEP.gms
    Label is unknown
--- TEP.gms(351) 3 Mb 28 Errors
*** Error 116 in \\SERVER-LSEW\serverdaten\MitarbeiterOrdner\Bernecker\GitHub Desktop Project Foulder\SARO-Dunkelflaute\Model\TEP.gms
    Label is unknown
--- TEP.gms(353) 3 Mb 29 Errors
*** Error 116 in \\SERVER-LSEW\serverdaten\MitarbeiterOrdner\Bernecker\GitHub Desktop Project Foulder\SARO-Dunkelflaute\Model\TEP.gms
    Label is unknown
--- TEP.gms(358) 3 Mb 31 Errors
*** Error 141 in \\SERVER-LSEW\serverdaten\MitarbeiterOrdner\Bernecker\GitHub Desktop Project Foulder\SARO-Dunkelflaute\Model\TEP.gms
    Symbol declared but no values have been assigned. Check for missing
       data definition, assignment, data loading or implicit assignment
       via a solve statement.
       A wild shot: You may have spurious commas in the explanatory
       text of a declaration. Check symbol reference list.
*** Error 116 in \\SERVER-LSEW\serverdaten\MitarbeiterOrdner\Bernecker\GitHub Desktop Project Foulder\SARO-Dunkelflaute\Model\TEP.gms
    Label is unknown
--- TEP.gms(362) 3 Mb 32 Errors
*** Error 116 in \\SERVER-LSEW\serverdaten\MitarbeiterOrdner\Bernecker\GitHub Desktop Project Foulder\SARO-Dunkelflaute\Model\TEP.gms
    Label is unknown
--- TEP.gms(364) 3 Mb 33 Errors
*** Error 116 in \\SERVER-LSEW\serverdaten\MitarbeiterOrdner\Bernecker\GitHub Desktop Project Foulder\SARO-Dunkelflaute\Model\TEP.gms
    Label is unknown
--- TEP.gms(366) 3 Mb 35 Errors
*** Error 141 in \\SERVER-LSEW\serverdaten\MitarbeiterOrdner\Bernecker\GitHub Desktop Project Foulder\SARO-Dunkelflaute\Model\TEP.gms
    Symbol declared but no values have been assigned. Check for missing
       data definition, assignment, data loading or implicit assignment
       via a solve statement.
       A wild shot: You may have spurious commas in the explanatory
       text of a declaration. Check symbol reference list.
*** Error 116 in \\SERVER-LSEW\serverdaten\MitarbeiterOrdner\Bernecker\GitHub Desktop Project Foulder\SARO-Dunkelflaute\Model\TEP.gms
    Label is unknown
--- TEP.gms(368) 3 Mb 36 Errors
*** Error 116 in \\SERVER-LSEW\serverdaten\MitarbeiterOrdner\Bernecker\GitHub Desktop Project Foulder\SARO-Dunkelflaute\Model\TEP.gms
    Label is unknown
--- TEP.gms(370) 3 Mb 37 Errors
*** Error 116 in \\SERVER-LSEW\serverdaten\MitarbeiterOrdner\Bernecker\GitHub Desktop Project Foulder\SARO-Dunkelflaute\Model\TEP.gms
    Label is unknown
--- TEP.gms(372) 3 Mb 38 Errors
*** Error 116 in \\SERVER-LSEW\serverdaten\MitarbeiterOrdner\Bernecker\GitHub Desktop Project Foulder\SARO-Dunkelflaute\Model\TEP.gms
    Label is unknown
--- TEP.gms(378) 3 Mb 39 Errors
*** Error 116 in \\SERVER-LSEW\serverdaten\MitarbeiterOrdner\Bernecker\GitHub Desktop Project Foulder\SARO-Dunkelflaute\Model\TEP.gms
    Label is unknown
--- TEP.gms(384) 3 Mb 40 Errors
*** Error 116 in \\SERVER-LSEW\serverdaten\MitarbeiterOrdner\Bernecker\GitHub Desktop Project Foulder\SARO-Dunkelflaute\Model\TEP.gms
    Label is unknown
--- TEP.gms(392) 3 Mb 41 Errors
*** Error 116 in \\SERVER-LSEW\serverdaten\MitarbeiterOrdner\Bernecker\GitHub Desktop Project Foulder\SARO-Dunkelflaute\Model\TEP.gms
    Label is unknown
--- TEP.gms(394) 3 Mb 42 Errors
*** Error 116 in \\SERVER-LSEW\serverdaten\MitarbeiterOrdner\Bernecker\GitHub Desktop Project Foulder\SARO-Dunkelflaute\Model\TEP.gms
    Label is unknown
--- TEP.gms(396) 3 Mb 43 Errors
*** Error 116 in \\SERVER-LSEW\serverdaten\MitarbeiterOrdner\Bernecker\GitHub Desktop Project Foulder\SARO-Dunkelflaute\Model\TEP.gms
    Label is unknown
--- TEP.gms(402) 3 Mb 45 Errors
*** Error 141 in \\SERVER-LSEW\serverdaten\MitarbeiterOrdner\Bernecker\GitHub Desktop Project Foulder\SARO-Dunkelflaute\Model\TEP.gms
    Symbol declared but no values have been assigned. Check for missing
       data definition, assignment, data loading or implicit assignment
       via a solve statement.
       A wild shot: You may have spurious commas in the explanatory
       text of a declaration. Check symbol reference list.
*** Error 116 in \\SERVER-LSEW\serverdaten\MitarbeiterOrdner\Bernecker\GitHub Desktop Project Foulder\SARO-Dunkelflaute\Model\TEP.gms
    Label is unknown
--- TEP.gms(404) 3 Mb 46 Errors
*** Error 116 in \\SERVER-LSEW\serverdaten\MitarbeiterOrdner\Bernecker\GitHub Desktop Project Foulder\SARO-Dunkelflaute\Model\TEP.gms
    Label is unknown
--- TEP.gms(406) 3 Mb 47 Errors
*** Error 116 in \\SERVER-LSEW\serverdaten\MitarbeiterOrdner\Bernecker\GitHub Desktop Project Foulder\SARO-Dunkelflaute\Model\TEP.gms
    Label is unknown
--- TEP.gms(408) 3 Mb 49 Errors
*** Error 141 in \\SERVER-LSEW\serverdaten\MitarbeiterOrdner\Bernecker\GitHub Desktop Project Foulder\SARO-Dunkelflaute\Model\TEP.gms
    Symbol declared but no values have been assigned. Check for missing
       data definition, assignment, data loading or implicit assignment
       via a solve statement.
       A wild shot: You may have spurious commas in the explanatory
       text of a declaration. Check symbol reference list.
*** Error 141 in \\SERVER-LSEW\serverdaten\MitarbeiterOrdner\Bernecker\GitHub Desktop Project Foulder\SARO-Dunkelflaute\Model\TEP.gms
    Symbol declared but no values have been assigned. Check for missing
       data definition, assignment, data loading or implicit assignment
       via a solve statement.
       A wild shot: You may have spurious commas in the explanatory
       text of a declaration. Check symbol reference list.
--- TEP.gms(410) 3 Mb 50 Errors
*** Error 141 in \\SERVER-LSEW\serverdaten\MitarbeiterOrdner\Bernecker\GitHub Desktop Project Foulder\SARO-Dunkelflaute\Model\TEP.gms
    Symbol declared but no values have been assigned. Check for missing
       data definition, assignment, data loading or implicit assignment
       via a solve statement.
       A wild shot: You may have spurious commas in the explanatory
       text of a declaration. Check symbol reference list.
--- TEP.gms(414) 3 Mb 51 Errors
*** Error 116 in \\SERVER-LSEW\serverdaten\MitarbeiterOrdner\Bernecker\GitHub Desktop Project Foulder\SARO-Dunkelflaute\Model\TEP.gms
    Label is unknown
--- TEP.gms(416) 3 Mb 52 Errors
*** Error 116 in \\SERVER-LSEW\serverdaten\MitarbeiterOrdner\Bernecker\GitHub Desktop Project Foulder\SARO-Dunkelflaute\Model\TEP.gms
    Label is unknown
--- TEP.gms(425) 3 Mb 53 Errors
*** Error 141 in \\SERVER-LSEW\serverdaten\MitarbeiterOrdner\Bernecker\GitHub Desktop Project Foulder\SARO-Dunkelflaute\Model\TEP.gms
    Symbol declared but no values have been assigned. Check for missing
       data definition, assignment, data loading or implicit assignment
       via a solve statement.
       A wild shot: You may have spurious commas in the explanatory
       text of a declaration. Check symbol reference list.
--- TEP.gms(433) 3 Mb 53 Errors
*** Status: Compilation error(s)
--- Job TEP.gms Stop 11/23/21 17:46:06 elapsed 0:00:00.669
Exit code = 2
